{"C:\\Users\\2000122011\\OneDrive - Hexaware Technologies\\Celia\\2026\\Training\\Cursos\\src\\cartService.ts": {"path":"C:\\Users\\2000122011\\OneDrive - Hexaware Technologies\\Celia\\2026\\Training\\Cursos\\src\\cartService.ts","statementMap":{"0":{"start":{"line":6,"column":0},"end":{"line":6,"column":16}},"1":{"start":{"line":13,"column":0},"end":{"line":13,"column":16}},"2":{"start":{"line":43,"column":0},"end":{"line":43,"column":16}},"3":{"start":{"line":47,"column":0},"end":{"line":47,"column":16}},"4":{"start":{"line":64,"column":0},"end":{"line":64,"column":16}},"5":{"start":{"line":68,"column":0},"end":{"line":68,"column":16}},"6":{"start":{"line":79,"column":0},"end":{"line":79,"column":16}},"7":{"start":{"line":2,"column":0},"end":{"line":2,"column":94}},"8":{"start":{"line":4,"column":13},"end":{"line":4,"column":40}},"9":{"start":{"line":7,"column":2},"end":{"line":7,"column":35}},"10":{"start":{"line":14,"column":2},"end":{"line":16,"column":3}},"11":{"start":{"line":15,"column":4},"end":{"line":15,"column":58}},"12":{"start":{"line":17,"column":2},"end":{"line":19,"column":3}},"13":{"start":{"line":18,"column":4},"end":{"line":18,"column":60}},"14":{"start":{"line":21,"column":19},"end":{"line":21,"column":75}},"15":{"start":{"line":21,"column":45},"end":{"line":21,"column":74}},"16":{"start":{"line":22,"column":22},"end":{"line":22,"column":58}},"17":{"start":{"line":24,"column":2},"end":{"line":26,"column":3}},"18":{"start":{"line":25,"column":4},"end":{"line":25,"column":94}},"19":{"start":{"line":28,"column":28},"end":{"line":38,"column":8}},"20":{"start":{"line":29,"column":32},"end":{"line":29,"column":105}},"21":{"start":{"line":40,"column":2},"end":{"line":40,"column":28}},"22":{"start":{"line":44,"column":2},"end":{"line":44,"column":87}},"23":{"start":{"line":44,"column":55},"end":{"line":44,"column":83}},"24":{"start":{"line":48,"column":2},"end":{"line":50,"column":3}},"25":{"start":{"line":49,"column":4},"end":{"line":49,"column":51}},"26":{"start":{"line":51,"column":2},"end":{"line":53,"column":3}},"27":{"start":{"line":52,"column":4},"end":{"line":52,"column":39}},"28":{"start":{"line":54,"column":17},"end":{"line":54,"column":72}},"29":{"start":{"line":54,"column":43},"end":{"line":54,"column":71}},"30":{"start":{"line":55,"column":2},"end":{"line":57,"column":3}},"31":{"start":{"line":56,"column":4},"end":{"line":56,"column":63}},"32":{"start":{"line":58,"column":2},"end":{"line":61,"column":4}},"33":{"start":{"line":60,"column":37},"end":{"line":60,"column":96}},"34":{"start":{"line":65,"column":2},"end":{"line":65,"column":66}},"35":{"start":{"line":65,"column":42},"end":{"line":65,"column":61}},"36":{"start":{"line":69,"column":2},"end":{"line":69,"column":32}},"37":{"start":{"line":80,"column":19},"end":{"line":80,"column":42}},"38":{"start":{"line":81,"column":19},"end":{"line":81,"column":90}},"39":{"start":{"line":82,"column":19},"end":{"line":82,"column":65}},"40":{"start":{"line":83,"column":2},"end":{"line":83,"column":95}},"41":{"start":{"line":90,"column":38},"end":{"line":90,"column":40}},"42":{"start":{"line":93,"column":21},"end":{"line":93,"column":35}},"43":{"start":{"line":94,"column":21},"end":{"line":94,"column":33}},"44":{"start":{"line":98,"column":18},"end":{"line":98,"column":48}},"45":{"start":{"line":99,"column":4},"end":{"line":99,"column":43}},"46":{"start":{"line":100,"column":4},"end":{"line":100,"column":93}},"47":{"start":{"line":101,"column":4},"end":{"line":104,"column":5}},"48":{"start":{"line":102,"column":6},"end":{"line":102,"column":54}},"49":{"start":{"line":103,"column":6},"end":{"line":103,"column":36}},"50":{"start":{"line":105,"column":4},"end":{"line":105,"column":16}},"51":{"start":{"line":109,"column":4},"end":{"line":109,"column":28}},"52":{"start":{"line":89,"column":0},"end":{"line":89,"column":13}}},"fnMap":{"0":{"name":"createEmptyCart","decl":{"start":{"line":6,"column":16},"end":{"line":6,"column":31}},"loc":{"start":{"line":6,"column":58},"end":{"line":8,"column":1}}},"1":{"name":"addItem","decl":{"start":{"line":13,"column":16},"end":{"line":13,"column":23}},"loc":{"start":{"line":13,"column":66},"end":{"line":41,"column":1}}},"2":{"name":"(anonymous_2)","decl":{"start":{"line":21,"column":35},"end":{"line":21,"column":36}},"loc":{"start":{"line":21,"column":45},"end":{"line":21,"column":74}}},"3":{"name":"(anonymous_3)","decl":{"start":{"line":29,"column":21},"end":{"line":29,"column":22}},"loc":{"start":{"line":29,"column":32},"end":{"line":29,"column":105}}},"4":{"name":"removeItem","decl":{"start":{"line":43,"column":16},"end":{"line":43,"column":26}},"loc":{"start":{"line":43,"column":56},"end":{"line":45,"column":1}}},"5":{"name":"(anonymous_5)","decl":{"start":{"line":44,"column":45},"end":{"line":44,"column":46}},"loc":{"start":{"line":44,"column":55},"end":{"line":44,"column":83}}},"6":{"name":"updateQuantity","decl":{"start":{"line":47,"column":16},"end":{"line":47,"column":30}},"loc":{"start":{"line":47,"column":78},"end":{"line":62,"column":1}}},"7":{"name":"(anonymous_7)","decl":{"start":{"line":54,"column":33},"end":{"line":54,"column":34}},"loc":{"start":{"line":54,"column":43},"end":{"line":54,"column":71}}},"8":{"name":"(anonymous_8)","decl":{"start":{"line":60,"column":26},"end":{"line":60,"column":27}},"loc":{"start":{"line":60,"column":37},"end":{"line":60,"column":96}}},"9":{"name":"countItems","decl":{"start":{"line":64,"column":16},"end":{"line":64,"column":26}},"loc":{"start":{"line":64,"column":37},"end":{"line":66,"column":1}}},"10":{"name":"(anonymous_10)","decl":{"start":{"line":65,"column":27},"end":{"line":65,"column":28}},"loc":{"start":{"line":65,"column":42},"end":{"line":65,"column":61}}},"11":{"name":"isEmpty","decl":{"start":{"line":68,"column":16},"end":{"line":68,"column":23}},"loc":{"start":{"line":68,"column":34},"end":{"line":70,"column":1}}},"12":{"name":"summarize","decl":{"start":{"line":79,"column":16},"end":{"line":79,"column":25}},"loc":{"start":{"line":79,"column":98},"end":{"line":84,"column":1}}},"13":{"name":"(anonymous_13)","decl":{"start":{"line":92,"column":2},"end":{"line":92,"column":null}},"loc":{"start":{"line":94,"column":33},"end":{"line":95,"column":6}}},"14":{"name":"(anonymous_14)","decl":{"start":{"line":97,"column":2},"end":{"line":97,"column":7}},"loc":{"start":{"line":97,"column":54},"end":{"line":106,"column":3}}},"15":{"name":"(anonymous_15)","decl":{"start":{"line":108,"column":2},"end":{"line":108,"column":9}},"loc":{"start":{"line":108,"column":9},"end":{"line":110,"column":3}}}},"branchMap":{"0":{"loc":{"start":{"line":13,"column":54},"end":{"line":13,"column":66}},"type":"default-arg","locations":[{"start":{"line":13,"column":65},"end":{"line":13,"column":66}}]},"1":{"loc":{"start":{"line":14,"column":2},"end":{"line":16,"column":3}},"type":"if","locations":[{"start":{"line":14,"column":2},"end":{"line":16,"column":3}},{"start":{},"end":{}}]},"2":{"loc":{"start":{"line":17,"column":2},"end":{"line":19,"column":3}},"type":"if","locations":[{"start":{"line":17,"column":2},"end":{"line":19,"column":3}},{"start":{},"end":{}}]},"3":{"loc":{"start":{"line":22,"column":23},"end":{"line":22,"column":46}},"type":"binary-expr","locations":[{"start":{"line":22,"column":23},"end":{"line":22,"column":41}},{"start":{"line":22,"column":45},"end":{"line":22,"column":46}}]},"4":{"loc":{"start":{"line":24,"column":2},"end":{"line":26,"column":3}},"type":"if","locations":[{"start":{"line":24,"column":2},"end":{"line":26,"column":3}},{"start":{},"end":{}}]},"5":{"loc":{"start":{"line":28,"column":28},"end":{"line":38,"column":8}},"type":"cond-expr","locations":[{"start":{"line":29,"column":6},"end":{"line":29,"column":107}},{"start":{"line":30,"column":6},"end":{"line":38,"column":8}}]},"6":{"loc":{"start":{"line":29,"column":32},"end":{"line":29,"column":105}},"type":"cond-expr","locations":[{"start":{"line":29,"column":64},"end":{"line":29,"column":98}},{"start":{"line":29,"column":101},"end":{"line":29,"column":105}}]},"7":{"loc":{"start":{"line":48,"column":2},"end":{"line":50,"column":3}},"type":"if","locations":[{"start":{"line":48,"column":2},"end":{"line":50,"column":3}},{"start":{},"end":{}}]},"8":{"loc":{"start":{"line":51,"column":2},"end":{"line":53,"column":3}},"type":"if","locations":[{"start":{"line":51,"column":2},"end":{"line":53,"column":3}},{"start":{},"end":{}}]},"9":{"loc":{"start":{"line":55,"column":2},"end":{"line":57,"column":3}},"type":"if","locations":[{"start":{"line":55,"column":2},"end":{"line":57,"column":3}},{"start":{},"end":{}}]},"10":{"loc":{"start":{"line":60,"column":37},"end":{"line":60,"column":96}},"type":"cond-expr","locations":[{"start":{"line":60,"column":68},"end":{"line":60,"column":89}},{"start":{"line":60,"column":92},"end":{"line":60,"column":96}}]},"11":{"loc":{"start":{"line":81,"column":19},"end":{"line":81,"column":90}},"type":"cond-expr","locations":[{"start":{"line":81,"column":36},"end":{"line":81,"column":86}},{"start":{"line":81,"column":89},"end":{"line":81,"column":90}}]},"12":{"loc":{"start":{"line":101,"column":4},"end":{"line":104,"column":5}},"type":"if","locations":[{"start":{"line":101,"column":4},"end":{"line":104,"column":5}},{"start":{},"end":{}}]}},"s":{"0":1,"1":1,"2":1,"3":1,"4":1,"5":1,"6":1,"7":1,"8":1,"9":20,"10":19,"11":1,"12":18,"13":1,"14":17,"15":6,"16":17,"17":17,"18":1,"19":16,"20":1,"21":16,"22":4,"23":5,"24":4,"25":1,"26":3,"27":1,"28":2,"29":2,"30":2,"31":1,"32":1,"33":1,"34":5,"35":4,"36":3,"37":0,"38":0,"39":0,"40":0,"41":0,"42":0,"43":0,"44":0,"45":0,"46":0,"47":0,"48":0,"49":0,"50":0,"51":0,"52":1},"f":{"0":20,"1":19,"2":6,"3":1,"4":4,"5":5,"6":4,"7":2,"8":1,"9":5,"10":4,"11":3,"12":0,"13":0,"14":0,"15":0},"b":{"0":[0],"1":[1,18],"2":[1,17],"3":[17,15],"4":[1,16],"5":[1,15],"6":[1,0],"7":[1,3],"8":[1,2],"9":[1,1],"10":[1,0],"11":[0,0],"12":[0,0]}}
,"C:\\Users\\2000122011\\OneDrive - Hexaware Technologies\\Celia\\2026\\Training\\Cursos\\src\\pricing.ts": {"path":"C:\\Users\\2000122011\\OneDrive - Hexaware Technologies\\Celia\\2026\\Training\\Cursos\\src\\pricing.ts","statementMap":{"0":{"start":{"line":6,"column":0},"end":{"line":6,"column":16}},"1":{"start":{"line":10,"column":0},"end":{"line":10,"column":16}},"2":{"start":{"line":17,"column":0},"end":{"line":17,"column":16}},"3":{"start":{"line":21,"column":0},"end":{"line":21,"column":16}},"4":{"start":{"line":27,"column":0},"end":{"line":27,"column":16}},"5":{"start":{"line":33,"column":0},"end":{"line":33,"column":16}},"6":{"start":{"line":38,"column":0},"end":{"line":38,"column":16}},"7":{"start":{"line":3,"column":13},"end":{"line":3,"column":42}},"8":{"start":{"line":4,"column":13},"end":{"line":4,"column":39}},"9":{"start":{"line":7,"column":2},"end":{"line":7,"column":58}},"10":{"start":{"line":11,"column":2},"end":{"line":13,"column":3}},"11":{"start":{"line":12,"column":4},"end":{"line":12,"column":51}},"12":{"start":{"line":14,"column":2},"end":{"line":14,"column":52}},"13":{"start":{"line":18,"column":2},"end":{"line":18,"column":80}},"14":{"start":{"line":18,"column":53},"end":{"line":18,"column":74}},"15":{"start":{"line":22,"column":2},"end":{"line":22,"column":26}},"16":{"start":{"line":22,"column":17},"end":{"line":22,"column":26}},"17":{"start":{"line":23,"column":2},"end":{"line":23,"column":30}},"18":{"start":{"line":23,"column":21},"end":{"line":23,"column":30}},"19":{"start":{"line":24,"column":2},"end":{"line":24,"column":70}},"20":{"start":{"line":28,"column":2},"end":{"line":28,"column":70}},"21":{"start":{"line":28,"column":57},"end":{"line":28,"column":70}},"22":{"start":{"line":29,"column":2},"end":{"line":29,"column":47}},"23":{"start":{"line":29,"column":34},"end":{"line":29,"column":47}},"24":{"start":{"line":30,"column":2},"end":{"line":30,"column":62}},"25":{"start":{"line":34,"column":2},"end":{"line":34,"column":54}},"26":{"start":{"line":34,"column":45},"end":{"line":34,"column":54}},"27":{"start":{"line":35,"column":2},"end":{"line":35,"column":58}},"28":{"start":{"line":39,"column":16},"end":{"line":39,"column":46}},"29":{"start":{"line":40,"column":2},"end":{"line":40,"column":40}}},"fnMap":{"0":{"name":"roundMoney","decl":{"start":{"line":6,"column":16},"end":{"line":6,"column":26}},"loc":{"start":{"line":6,"column":40},"end":{"line":8,"column":1}}},"1":{"name":"lineTotal","decl":{"start":{"line":10,"column":16},"end":{"line":10,"column":25}},"loc":{"start":{"line":10,"column":40},"end":{"line":15,"column":1}}},"2":{"name":"calculateSubtotal","decl":{"start":{"line":17,"column":16},"end":{"line":17,"column":33}},"loc":{"start":{"line":17,"column":44},"end":{"line":19,"column":1}}},"3":{"name":"(anonymous_3)","decl":{"start":{"line":18,"column":38},"end":{"line":18,"column":39}},"loc":{"start":{"line":18,"column":53},"end":{"line":18,"column":74}}},"4":{"name":"calculateShipping","decl":{"start":{"line":21,"column":16},"end":{"line":21,"column":33}},"loc":{"start":{"line":21,"column":69},"end":{"line":25,"column":1}}},"5":{"name":"isCouponValid","decl":{"start":{"line":27,"column":16},"end":{"line":27,"column":29}},"loc":{"start":{"line":27,"column":73},"end":{"line":31,"column":1}}},"6":{"name":"applyCoupon","decl":{"start":{"line":33,"column":16},"end":{"line":33,"column":27}},"loc":{"start":{"line":33,"column":71},"end":{"line":36,"column":1}}},"7":{"name":"calculateTotal","decl":{"start":{"line":38,"column":16},"end":{"line":38,"column":30}},"loc":{"start":{"line":38,"column":83},"end":{"line":41,"column":1}}}},"branchMap":{"0":{"loc":{"start":{"line":11,"column":2},"end":{"line":13,"column":3}},"type":"if","locations":[{"start":{"line":11,"column":2},"end":{"line":13,"column":3}},{"start":{},"end":{}}]},"1":{"loc":{"start":{"line":21,"column":52},"end":{"line":21,"column":69}},"type":"default-arg","locations":[{"start":{"line":21,"column":64},"end":{"line":21,"column":69}}]},"2":{"loc":{"start":{"line":22,"column":2},"end":{"line":22,"column":26}},"type":"if","locations":[{"start":{"line":22,"column":2},"end":{"line":22,"column":26}},{"start":{},"end":{}}]},"3":{"loc":{"start":{"line":23,"column":2},"end":{"line":23,"column":30}},"type":"if","locations":[{"start":{"line":23,"column":2},"end":{"line":23,"column":30}},{"start":{},"end":{}}]},"4":{"loc":{"start":{"line":24,"column":9},"end":{"line":24,"column":69}},"type":"cond-expr","locations":[{"start":{"line":24,"column":47},"end":{"line":24,"column":48}},{"start":{"line":24,"column":51},"end":{"line":24,"column":69}}]},"5":{"loc":{"start":{"line":28,"column":2},"end":{"line":28,"column":70}},"type":"if","locations":[{"start":{"line":28,"column":2},"end":{"line":28,"column":70}},{"start":{},"end":{}}]},"6":{"loc":{"start":{"line":28,"column":6},"end":{"line":28,"column":55}},"type":"binary-expr","locations":[{"start":{"line":28,"column":6},"end":{"line":28,"column":28}},{"start":{"line":28,"column":32},"end":{"line":28,"column":55}}]},"7":{"loc":{"start":{"line":29,"column":2},"end":{"line":29,"column":47}},"type":"if","locations":[{"start":{"line":29,"column":2},"end":{"line":29,"column":47}},{"start":{},"end":{}}]},"8":{"loc":{"start":{"line":34,"column":2},"end":{"line":34,"column":54}},"type":"if","locations":[{"start":{"line":34,"column":2},"end":{"line":34,"column":54}},{"start":{},"end":{}}]}},"s":{"0":1,"1":1,"2":1,"3":1,"4":1,"5":1,"6":1,"7":1,"8":1,"9":0,"10":0,"11":0,"12":0,"13":0,"14":0,"15":0,"16":0,"17":0,"18":0,"19":0,"20":0,"21":0,"22":0,"23":0,"24":0,"25":0,"26":0,"27":0,"28":0,"29":0},"f":{"0":0,"1":0,"2":0,"3":0,"4":0,"5":0,"6":0,"7":0},"b":{"0":[0,0],"1":[0],"2":[0,0],"3":[0,0],"4":[0,0],"5":[0,0],"6":[0,0],"7":[0,0],"8":[0,0]}}
,"C:\\Users\\2000122011\\OneDrive - Hexaware Technologies\\Celia\\2026\\Training\\Cursos\\src\\mocks\\fixtures.ts": {"path":"C:\\Users\\2000122011\\OneDrive - Hexaware Technologies\\Celia\\2026\\Training\\Cursos\\src\\mocks\\fixtures.ts","statementMap":{"0":{"start":{"line":51,"column":0},"end":{"line":51,"column":16}},"1":{"start":{"line":61,"column":0},"end":{"line":61,"column":16}},"2":{"start":{"line":65,"column":0},"end":{"line":65,"column":16}},"3":{"start":{"line":3,"column":13},"end":{"line":8,"column":2}},"4":{"start":{"line":10,"column":13},"end":{"line":43,"column":2}},"5":{"start":{"line":45,"column":13},"end":{"line":49,"column":2}},"6":{"start":{"line":52,"column":28},"end":{"line":52,"column":30}},"7":{"start":{"line":53,"column":2},"end":{"line":58,"column":4}},"8":{"start":{"line":55,"column":23},"end":{"line":55,"column":59}},"9":{"start":{"line":56,"column":23},"end":{"line":56,"column":59}},"10":{"start":{"line":57,"column":24},"end":{"line":57,"column":61}},"11":{"start":{"line":62,"column":2},"end":{"line":62,"column":38}},"12":{"start":{"line":62,"column":22},"end":{"line":62,"column":35}},"13":{"start":{"line":66,"column":16},"end":{"line":66,"column":17}},"14":{"start":{"line":67,"column":2},"end":{"line":67,"column":50}},"15":{"start":{"line":67,"column":23},"end":{"line":67,"column":47}},"16":{"start":{"line":71,"column":27},"end":{"line":71,"column":50}},"17":{"start":{"line":74,"column":4},"end":{"line":74,"column":65}},"18":{"start":{"line":74,"column":27},"end":{"line":74,"column":63}},"19":{"start":{"line":78,"column":4},"end":{"line":78,"column":38}},"20":{"start":{"line":82,"column":4},"end":{"line":84,"column":5}},"21":{"start":{"line":83,"column":6},"end":{"line":83,"column":51}},"22":{"start":{"line":83,"column":32},"end":{"line":83,"column":51}},"23":{"start":{"line":85,"column":4},"end":{"line":85,"column":16}},"24":{"start":{"line":89,"column":4},"end":{"line":89,"column":41}},"25":{"start":{"line":90,"column":4},"end":{"line":90,"column":23}},"26":{"start":{"line":94,"column":4},"end":{"line":94,"column":33}},"27":{"start":{"line":70,"column":0},"end":{"line":70,"column":13}},"28":{"start":{"line":99,"column":27},"end":{"line":99,"column":53}},"29":{"start":{"line":102,"column":4},"end":{"line":102,"column":74}},"30":{"start":{"line":102,"column":30},"end":{"line":102,"column":72}},"31":{"start":{"line":106,"column":20},"end":{"line":106,"column":38}},"32":{"start":{"line":107,"column":4},"end":{"line":107,"column":43}},"33":{"start":{"line":111,"column":20},"end":{"line":111,"column":38}},"34":{"start":{"line":112,"column":4},"end":{"line":112,"column":61}},"35":{"start":{"line":112,"column":18},"end":{"line":112,"column":61}},"36":{"start":{"line":113,"column":4},"end":{"line":113,"column":90}},"37":{"start":{"line":113,"column":34},"end":{"line":113,"column":90}},"38":{"start":{"line":114,"column":4},"end":{"line":114,"column":72}},"39":{"start":{"line":98,"column":0},"end":{"line":98,"column":13}}},"fnMap":{"0":{"name":"createFakeLogger","decl":{"start":{"line":51,"column":16},"end":{"line":51,"column":32}},"loc":{"start":{"line":51,"column":32},"end":{"line":59,"column":1}}},"1":{"name":"(anonymous_1)","decl":{"start":{"line":55,"column":10},"end":{"line":55,"column":11}},"loc":{"start":{"line":55,"column":23},"end":{"line":55,"column":59}}},"2":{"name":"(anonymous_2)","decl":{"start":{"line":56,"column":10},"end":{"line":56,"column":11}},"loc":{"start":{"line":56,"column":23},"end":{"line":56,"column":59}}},"3":{"name":"(anonymous_3)","decl":{"start":{"line":57,"column":11},"end":{"line":57,"column":12}},"loc":{"start":{"line":57,"column":24},"end":{"line":57,"column":61}}},"4":{"name":"createFixedClock","decl":{"start":{"line":61,"column":16},"end":{"line":61,"column":32}},"loc":{"start":{"line":61,"column":65},"end":{"line":63,"column":1}}},"5":{"name":"(anonymous_5)","decl":{"start":{"line":62,"column":16},"end":{"line":62,"column":19}},"loc":{"start":{"line":62,"column":22},"end":{"line":62,"column":35}}},"6":{"name":"createSequentialIds","decl":{"start":{"line":65,"column":16},"end":{"line":65,"column":35}},"loc":{"start":{"line":65,"column":49},"end":{"line":68,"column":1}}},"7":{"name":"(anonymous_7)","decl":{"start":{"line":67,"column":17},"end":{"line":67,"column":20}},"loc":{"start":{"line":67,"column":23},"end":{"line":67,"column":47}}},"8":{"name":"(anonymous_8)","decl":{"start":{"line":73,"column":2},"end":{"line":73,"column":14}},"loc":{"start":{"line":73,"column":31},"end":{"line":75,"column":3}}},"9":{"name":"(anonymous_9)","decl":{"start":{"line":74,"column":17},"end":{"line":74,"column":18}},"loc":{"start":{"line":74,"column":27},"end":{"line":74,"column":63}}},"10":{"name":"(anonymous_10)","decl":{"start":{"line":77,"column":2},"end":{"line":77,"column":7}},"loc":{"start":{"line":77,"column":27},"end":{"line":79,"column":3}}},"11":{"name":"(anonymous_11)","decl":{"start":{"line":81,"column":2},"end":{"line":81,"column":7}},"loc":{"start":{"line":81,"column":33},"end":{"line":86,"column":3}}},"12":{"name":"(anonymous_12)","decl":{"start":{"line":88,"column":2},"end":{"line":88,"column":7}},"loc":{"start":{"line":88,"column":23},"end":{"line":91,"column":3}}},"13":{"name":"(anonymous_13)","decl":{"start":{"line":93,"column":2},"end":{"line":93,"column":7}},"loc":{"start":{"line":93,"column":25},"end":{"line":95,"column":3}}},"14":{"name":"(anonymous_14)","decl":{"start":{"line":101,"column":2},"end":{"line":101,"column":14}},"loc":{"start":{"line":101,"column":55},"end":{"line":103,"column":3}}},"15":{"name":"(anonymous_15)","decl":{"start":{"line":102,"column":17},"end":{"line":102,"column":18}},"loc":{"start":{"line":102,"column":30},"end":{"line":102,"column":72}}},"16":{"name":"(anonymous_16)","decl":{"start":{"line":105,"column":2},"end":{"line":105,"column":7}},"loc":{"start":{"line":105,"column":27},"end":{"line":108,"column":3}}},"17":{"name":"(anonymous_17)","decl":{"start":{"line":110,"column":2},"end":{"line":110,"column":7}},"loc":{"start":{"line":110,"column":50},"end":{"line":115,"column":3}}}},"branchMap":{"0":{"loc":{"start":{"line":61,"column":33},"end":{"line":61,"column":65}},"type":"default-arg","locations":[{"start":{"line":61,"column":39},"end":{"line":61,"column":65}}]},"1":{"loc":{"start":{"line":65,"column":36},"end":{"line":65,"column":49}},"type":"default-arg","locations":[{"start":{"line":65,"column":45},"end":{"line":65,"column":49}}]},"2":{"loc":{"start":{"line":73,"column":14},"end":{"line":73,"column":31}},"type":"default-arg","locations":[{"start":{"line":73,"column":29},"end":{"line":73,"column":31}}]},"3":{"loc":{"start":{"line":78,"column":11},"end":{"line":78,"column":37}},"type":"binary-expr","locations":[{"start":{"line":78,"column":11},"end":{"line":78,"column":29}},{"start":{"line":78,"column":33},"end":{"line":78,"column":37}}]},"4":{"loc":{"start":{"line":83,"column":6},"end":{"line":83,"column":51}},"type":"if","locations":[{"start":{"line":83,"column":6},"end":{"line":83,"column":51}},{"start":{},"end":{}}]},"5":{"loc":{"start":{"line":101,"column":14},"end":{"line":101,"column":55}},"type":"default-arg","locations":[{"start":{"line":101,"column":32},"end":{"line":101,"column":55}}]},"6":{"loc":{"start":{"line":107,"column":11},"end":{"line":107,"column":42}},"type":"cond-expr","locations":[{"start":{"line":107,"column":21},"end":{"line":107,"column":35}},{"start":{"line":107,"column":38},"end":{"line":107,"column":42}}]},"7":{"loc":{"start":{"line":112,"column":4},"end":{"line":112,"column":61}},"type":"if","locations":[{"start":{"line":112,"column":4},"end":{"line":112,"column":61}},{"start":{},"end":{}}]},"8":{"loc":{"start":{"line":113,"column":4},"end":{"line":113,"column":90}},"type":"if","locations":[{"start":{"line":113,"column":4},"end":{"line":113,"column":90}},{"start":{},"end":{}}]}},"s":{"0":1,"1":1,"2":1,"3":1,"4":1,"5":1,"6":0,"7":0,"8":0,"9":0,"10":0,"11":0,"12":0,"13":0,"14":0,"15":0,"16":0,"17":0,"18":0,"19":0,"20":0,"21":0,"22":0,"23":0,"24":0,"25":0,"26":0,"27":1,"28":0,"29":0,"30":0,"31":0,"32":0,"33":0,"34":0,"35":0,"36":0,"37":0,"38":0,"39":1},"f":{"0":0,"1":0,"2":0,"3":0,"4":0,"5":0,"6":0,"7":0,"8":0,"9":0,"10":0,"11":0,"12":0,"13":0,"14":0,"15":0,"16":0,"17":0},"b":{"0":[0],"1":[0],"2":[0],"3":[0,0],"4":[0,0],"5":[0],"6":[0,0],"7":[0,0],"8":[0,0]}}
}
