TN:
SF:src\cartService.ts
FN:6,createEmptyCart
FN:13,addItem
FN:21,(anonymous_2)
FN:29,(anonymous_3)
FN:43,removeItem
FN:44,(anonymous_5)
FN:47,updateQuantity
FN:54,(anonymous_7)
FN:60,(anonymous_8)
FN:64,countItems
FN:65,(anonymous_10)
FN:68,isEmpty
FN:79,summarize
FN:92,(anonymous_13)
FN:97,(anonymous_14)
FN:108,(anonymous_15)
FNF:16
FNH:13
FNDA:25,createEmptyCart
FNDA:24,addItem
FNDA:7,(anonymous_2)
FNDA:1,(anonymous_3)
FNDA:4,removeItem
FNDA:5,(anonymous_5)
FNDA:4,updateQuantity
FNDA:2,(anonymous_7)
FNDA:1,(anonymous_8)
FNDA:5,countItems
FNDA:4,(anonymous_10)
FNDA:3,isEmpty
FNDA:5,summarize
FNDA:0,(anonymous_13)
FNDA:0,(anonymous_14)
FNDA:0,(anonymous_15)
DA:2,1
DA:4,1
DA:6,1
DA:7,25
DA:13,1
DA:14,24
DA:15,1
DA:17,23
DA:18,1
DA:21,22
DA:22,22
DA:24,22
DA:25,1
DA:28,21
DA:29,1
DA:40,21
DA:43,1
DA:44,5
DA:47,1
DA:48,4
DA:49,1
DA:51,3
DA:52,1
DA:54,2
DA:55,2
DA:56,1
DA:58,1
DA:60,1
DA:64,1
DA:65,5
DA:68,1
DA:69,3
DA:79,1
DA:80,5
DA:81,5
DA:82,5
DA:83,5
DA:89,1
DA:90,0
DA:93,0
DA:94,0
DA:98,0
DA:99,0
DA:100,0
DA:101,0
DA:102,0
DA:103,0
DA:105,0
DA:109,0
LF:49
LH:38
BRDA:13,0,0,0
BRDA:14,1,0,1
BRDA:14,1,1,23
BRDA:17,2,0,1
BRDA:17,2,1,22
BRDA:22,3,0,22
BRDA:22,3,1,20
BRDA:24,4,0,1
BRDA:24,4,1,21
BRDA:28,5,0,1
BRDA:28,5,1,20
BRDA:29,6,0,1
BRDA:29,6,1,0
BRDA:48,7,0,1
BRDA:48,7,1,3
BRDA:51,8,0,1
BRDA:51,8,1,2
BRDA:55,9,0,1
BRDA:55,9,1,1
BRDA:60,10,0,1
BRDA:60,10,1,0
BRDA:81,11,0,0
BRDA:81,11,1,5
BRDA:101,12,0,0
BRDA:101,12,1,0
BRF:25
BRH:19
end_of_record
TN:
SF:src\pricing.ts
FN:6,roundMoney
FN:10,lineTotal
FN:17,calculateSubtotal
FN:18,(anonymous_3)
FN:21,calculateShipping
FN:27,isCouponValid
FN:33,applyCoupon
FN:38,calculateTotal
FNF:8
FNH:6
FNDA:15,roundMoney
FNDA:5,lineTotal
FNDA:5,calculateSubtotal
FNDA:5,(anonymous_3)
FNDA:5,calculateShipping
FNDA:0,isCouponValid
FNDA:0,applyCoupon
FNDA:5,calculateTotal
DA:3,1
DA:4,1
DA:6,1
DA:7,15
DA:10,1
DA:11,5
DA:12,0
DA:14,5
DA:17,1
DA:18,5
DA:21,1
DA:22,5
DA:23,5
DA:24,4
DA:27,1
DA:28,0
DA:29,0
DA:30,0
DA:33,1
DA:34,0
DA:35,0
DA:38,1
DA:39,5
DA:40,5
LF:24
LH:18
BRDA:11,0,0,0
BRDA:11,0,1,5
BRDA:21,1,0,5
BRDA:22,2,0,0
BRDA:22,2,1,5
BRDA:23,3,0,1
BRDA:23,3,1,4
BRDA:24,4,0,4
BRDA:24,4,1,0
BRDA:28,5,0,0
BRDA:28,5,1,0
BRDA:28,6,0,0
BRDA:28,6,1,0
BRDA:29,7,0,0
BRDA:29,7,1,0
BRDA:34,8,0,0
BRDA:34,8,1,0
BRF:17
BRH:6
end_of_record
TN:
SF:src\mocks\fixtures.ts
FN:51,createFakeLogger
FN:55,(anonymous_1)
FN:56,(anonymous_2)
FN:57,(anonymous_3)
FN:61,createFixedClock
FN:62,(anonymous_5)
FN:65,createSequentialIds
FN:67,(anonymous_7)
FN:73,(anonymous_8)
FN:74,(anonymous_9)
FN:77,(anonymous_10)
FN:81,(anonymous_11)
FN:88,(anonymous_12)
FN:93,(anonymous_13)
FN:101,(anonymous_14)
FN:102,(anonymous_15)
FN:105,(anonymous_16)
FN:110,(anonymous_17)
FNF:18
FNH:0
FNDA:0,createFakeLogger
FNDA:0,(anonymous_1)
FNDA:0,(anonymous_2)
FNDA:0,(anonymous_3)
FNDA:0,createFixedClock
FNDA:0,(anonymous_5)
FNDA:0,createSequentialIds
FNDA:0,(anonymous_7)
FNDA:0,(anonymous_8)
FNDA:0,(anonymous_9)
FNDA:0,(anonymous_10)
FNDA:0,(anonymous_11)
FNDA:0,(anonymous_12)
FNDA:0,(anonymous_13)
FNDA:0,(anonymous_14)
FNDA:0,(anonymous_15)
FNDA:0,(anonymous_16)
FNDA:0,(anonymous_17)
DA:3,1
DA:10,1
DA:45,1
DA:51,1
DA:52,0
DA:53,0
DA:55,0
DA:56,0
DA:57,0
DA:61,1
DA:62,0
DA:65,1
DA:66,0
DA:67,0
DA:70,1
DA:71,0
DA:74,0
DA:78,0
DA:82,0
DA:83,0
DA:85,0
DA:89,0
DA:90,0
DA:94,0
DA:98,1
DA:99,0
DA:102,0
DA:106,0
DA:107,0
DA:111,0
DA:112,0
DA:113,0
DA:114,0
LF:33
LH:8
BRDA:61,0,0,0
BRDA:65,1,0,0
BRDA:73,2,0,0
BRDA:78,3,0,0
BRDA:78,3,1,0
BRDA:83,4,0,0
BRDA:83,4,1,0
BRDA:101,5,0,0
BRDA:107,6,0,0
BRDA:107,6,1,0
BRDA:112,7,0,0
BRDA:112,7,1,0
BRDA:113,8,0,0
BRDA:113,8,1,0
BRF:14
BRH:0
end_of_record
